#
# A fatal error has been detected by the Java Runtime Environment:
#
#  SIGSEGV (0xb) at pc=0x000000010393337c, pid=505, tid=20227
#
# JRE version: Java(TM) SE Runtime Environment (7.0_51-b13) (build 1.7.0_51-b13)
# Java VM: Java HotSpot(TM) 64-Bit Server VM (24.51-b03 mixed mode bsd-amd64 compressed oops)
# Problematic frame:
# V  [libjvm.dylib+0x33337c]  jvmti_IsMethodSynthetic+0xb9
#
# Failed to write core dump. Core dumps have been disabled. To enable core dumping, try "ulimit -c unlimited" before starting Java again
#
# If you would like to submit a bug report, please visit:
#   http://bugreport.sun.com/bugreport/crash.jsp
#

---------------  T H R E A D  ---------------

Current thread (0x00007fbdce002000):  JavaThread "JDWP Transport Listener: dt_socket" daemon [_thread_in_vm, id=20227, stack(0x0000000113712000,0x0000000113812000)]

siginfo:si_signo=SIGSEGV: si_errno=0, si_code=0 (SEGV0), si_addr=0x0000000000000000

Registers:
RAX=0x0000000000000001, RBX=0x0000000113811a8b, RCX=0x00000000000fc080, RDX=0x0000000113811a8b
RSP=0x00000001138119f0, RBP=0x0000000113811a40, RSI=0x00007fbdce002000, RDI=0x00007fbdca702260
R8 =0x00007fbdca507560, R9 =0x00007fbdca5145a0, R10=0x0000000016b9b3bb, R11=0x00000000d6f8cab7
R12=0x00007fbdce002000, R13=0x0002000000000000, R14=0x0002000000000000, R15=0x00007fbdca702260
RIP=0x000000010393337c, EFLAGS=0x0000000000010206, ERR=0x0000000000000000
  TRAPNO=0x000000000000000d

Top of Stack: (sp=0x00000001138119f0)
0x00000001138119f0:   00007fbdce002000 0000000000000000
0x0000000113811a00:   0000000000000000 0000000000000000
0x0000000113811a10:   00007fbdce002000 00007fbdce002000
0x0000000113811a20:   0000000113811a8b 0000000113811a90
0x0000000113811a30:   0002000000000000 0000000000000003
0x0000000113811a40:   0000000113811a60 00000001025651f8
0x0000000113811a50:   0000000000000001 0000000113811b08
0x0000000113811a60:   0000000113811ad0 000000010254a02b
0x0000000113811a70:   0000000113811aa0 00007fbdca514570
0x0000000113811a80:   0000000400000032 0000000a00811b08
0x0000000113811a90:   0000000000000000 0000000000000000
0x0000000113811aa0:   0000000000000000 0000000113811c90
0x0000000113811ab0:   000000010256cdc0 00007fbdca5143a0
0x0000000113811ac0:   0000000113811b08 0000000102578578
0x0000000113811ad0:   0000000113811ae0 000000010254a124
0x0000000113811ae0:   0000000113811d00 00000001025536b2
0x0000000113811af0:   0000043700000013 00000000000f0200
0x0000000113811b00:   00007fbdca513990 0000000113811bdf
0x0000000113811b10:   00007fbd000000a5 0000000113811b20
0x0000000113811b20:   00007fbd00000087 0000000113811b58
0x0000000113811b30:   0000000000000000 00007f0000000000
0x0000000113811b40:   000004370000000f 00007fff00002e80
0x0000000113811b50:   0000000113811b58 bd7f000004000000
0x0000000113811b60:   08000000883a51ca 7961727241646461
0x0000000113811b70:   5b445b2808000000 00000000445b2944
0x0000000113811b80:   bd7f00000a000000 04000000003a51ca
0x0000000113811b90:   160000006e69616d 2f6176616a4c5b28
0x0000000113811ba0:   7274532f676e616c 000056293b676e69
0x0000000113811bb0:   0000090000000000 0000083a51cabd7f
0x0000000113811bc0:   6c75636c61630c00 0000524150657461
0x0000000113811bd0:   004429445b280500 680a000000000000
0x0000000113811be0:   5b02000000656572 0000000000000044 

Instructions: (pc=0x000000010393337c)
0x000000010393335c:   00 00 00 41 f6 87 68 01 00 00 10 75 07 b8 63 00
0x000000010393336c:   00 00 eb 7a 4d 85 f6 75 07 b8 17 00 00 00 eb 6e
0x000000010393337c:   4d 8b 36 48 b8 fe fe fe fe fe fe fe fe 49 39 c6
0x000000010393338c:   74 e7 4d 85 f6 74 e2 48 8d 05 f6 f8 4c 00 80 38 

Register to memory mapping:

RAX=0x0000000000000001 is an unknown value
RBX=0x0000000113811a8b is pointing into the stack for thread: 0x00007fbdce002000
RCX=0x00000000000fc080 is an unknown value
RDX=0x0000000113811a8b is pointing into the stack for thread: 0x00007fbdce002000
RSP=0x00000001138119f0 is pointing into the stack for thread: 0x00007fbdce002000
RBP=0x0000000113811a40 is pointing into the stack for thread: 0x00007fbdce002000
RSI=0x00007fbdce002000 is a thread
RDI=0x00007fbdca702260 is an unknown value
R8 =0x00007fbdca507560 is an unknown value
R9 =0x00007fbdca5145a0 is an unknown value
R10=0x0000000016b9b3bb is an unknown value
R11=0x00000000d6f8cab7 is an unknown value
R12=0x00007fbdce002000 is a thread
R13=0x0002000000000000 is an unknown value
R14=0x0002000000000000 is an unknown value
R15=0x00007fbdca702260 is an unknown value


Stack: [0x0000000113712000,0x0000000113812000],  sp=0x00000001138119f0,  free space=1022k
Native frames: (J=compiled Java code, j=interpreted, Vv=VM code, C=native code)
V  [libjvm.dylib+0x33337c]  jvmti_IsMethodSynthetic+0xb9
C  [libjdwp.dylib+0x201f8]  isMethodSynthetic+0x63
C  [libjdwp.dylib+0x502b]  methods1+0x10b
C  [libjdwp.dylib+0x5124]  methodsWithGeneric+0xe
C  [libjdwp.dylib+0xe6b2]  debugLoop_run+0x1ce
C  [libjdwp.dylib+0x1f132]  attachThread+0x4d
V  [libjvm.dylib+0x373f9e]  JvmtiAgentThread::call_start_function()+0x38
V  [libjvm.dylib+0x4efb57]  JavaThread::thread_main_inner()+0x9b
V  [libjvm.dylib+0x4f125f]  JavaThread::run()+0x1a3
V  [libjvm.dylib+0x41b1d6]  java_start(Thread*)+0x126
C  [libsystem_pthread.dylib+0x1899]  _pthread_body+0x8a
C  [libsystem_pthread.dylib+0x172a]  _pthread_struct_init+0x0
C  [libsystem_pthread.dylib+0x5fc9]  thread_start+0xd


---------------  P R O C E S S  ---------------

Java Threads: ( => current thread )
  0x00007fbdcc016000 JavaThread "Service Thread" daemon [_thread_blocked, id=22787, stack(0x0000000113c21000,0x0000000113d21000)]
  0x00007fbdcc00f800 JavaThread "C2 CompilerThread1" daemon [_thread_blocked, id=22275, stack(0x0000000113b1e000,0x0000000113c1e000)]
  0x00007fbdcc00a000 JavaThread "C2 CompilerThread0" daemon [_thread_blocked, id=21763, stack(0x0000000113a1b000,0x0000000113b1b000)]
  0x00007fbdcd805000 JavaThread "JDWP Command Reader" daemon [_thread_in_native, id=21251, stack(0x0000000113918000,0x0000000113a18000)]
  0x00007fbdcb820800 JavaThread "JDWP Event Helper Thread" daemon [_thread_blocked, id=20739, stack(0x0000000113815000,0x0000000113915000)]
=>0x00007fbdce002000 JavaThread "JDWP Transport Listener: dt_socket" daemon [_thread_in_vm, id=20227, stack(0x0000000113712000,0x0000000113812000)]
  0x00007fbdcd801800 JavaThread "Signal Dispatcher" daemon [_thread_blocked, id=19715, stack(0x0000000113609000,0x0000000113709000)]
  0x00007fbdcb006800 JavaThread "Finalizer" daemon [_thread_blocked, id=14595, stack(0x00000001133ce000,0x00000001134ce000)]
  0x00007fbdcd801000 JavaThread "Reference Handler" daemon [_thread_blocked, id=14083, stack(0x00000001132cb000,0x00000001133cb000)]
  0x00007fbdcc000800 JavaThread "main" [_thread_blocked, id=6403, stack(0x0000000104054000,0x0000000104154000)]

Other Threads:
  0x00007fbdcd800000 VMThread [stack: 0x00000001131c8000,0x00000001132c8000] [id=13571]
  0x00007fbdcb00a800 WatcherThread [stack: 0x0000000113d24000,0x0000000113e24000] [id=23299]

VM state:not at safepoint (normal execution)

VM Mutex/Monitor currently owned by a thread: None

Heap
 PSYoungGen      total 76800K, used 2642K [0x00000007aaa80000, 0x00000007b0000000, 0x0000000800000000)
  eden space 66048K, 4% used [0x00000007aaa80000,0x00000007aad14828,0x00000007aeb00000)
  from space 10752K, 0% used [0x00000007af580000,0x00000007af580000,0x00000007b0000000)
  to   space 10752K, 0% used [0x00000007aeb00000,0x00000007aeb00000,0x00000007af580000)
 ParOldGen       total 174592K, used 0K [0x0000000700000000, 0x000000070aa80000, 0x00000007aaa80000)
  object space 174592K, 0% used [0x0000000700000000,0x0000000700000000,0x000000070aa80000)
 PSPermGen       total 21504K, used 2605K [0x00000006fae00000, 0x00000006fc300000, 0x0000000700000000)
  object space 21504K, 12% used [0x00000006fae00000,0x00000006fb08b538,0x00000006fc300000)

Card table byte_map: [0x0000000107216000,0x0000000107a40000] byte_map_base: 0x0000000103a3f000

Polling page: 0x0000000102544000

Code Cache  [0x0000000104156000, 0x00000001043c6000, 0x0000000107156000)
 total_blobs=175 nmethods=3 adapters=135 free_code_cache=48768Kb largest_free_block=49918912

Compilation events (6 events):
Event: 0.074 Thread 0x00007fbdcc00a000    1             java.lang.String::indexOf (70 bytes)
Event: 0.076 Thread 0x00007fbdcc00f800    2             java.lang.String::hashCode (55 bytes)
Event: 0.080 Thread 0x00007fbdcc00a000 nmethod 1 0x00000001041b5910 code [0x00000001041b5a60, 0x00000001041b5c48]
Event: 0.081 Thread 0x00007fbdcc00f800 nmethod 2 0x00000001041b5550 code [0x00000001041b56a0, 0x00000001041b5858]
Event: 0.085 Thread 0x00007fbdcc00a000    3             sun.nio.cs.UTF_8$Encoder::encode (361 bytes)
Event: 0.092 Thread 0x00007fbdcc00a000 nmethod 3 0x00000001041b4890 code [0x00000001041b4a20, 0x00000001041b5108]

GC Heap History (0 events):
No events

Deoptimization events (0 events):
No events

Internal exceptions (10 events):
Event: 0.083 Thread 0x00007fbdcc000800 Threw 0x00000007aab26378 at /HUDSON/workspace/7u-2-build-macosx-x86_64/jdk7u51/527/hotspot/src/share/vm/prims/jni.cpp:717
Event: 0.083 Thread 0x00007fbdcc000800 Threw 0x00000007aab26498 at /HUDSON/workspace/7u-2-build-macosx-x86_64/jdk7u51/527/hotspot/src/share/vm/prims/jvm.cpp:1244
Event: 0.083 Thread 0x00007fbdcc000800 Threw 0x00000007aab265c0 at /HUDSON/workspace/7u-2-build-macosx-x86_64/jdk7u51/527/hotspot/src/share/vm/prims/jvm.cpp:1244
Event: 0.084 Thread 0x00007fbdcc000800 Threw 0x00000007aab27280 at /HUDSON/workspace/7u-2-build-macosx-x86_64/jdk7u51/527/hotspot/src/share/vm/prims/jni.cpp:717
Event: 0.084 Thread 0x00007fbdcc000800 Threw 0x00000007aab273a0 at /HUDSON/workspace/7u-2-build-macosx-x86_64/jdk7u51/527/hotspot/src/share/vm/prims/jvm.cpp:1244
Event: 0.084 Thread 0x00007fbdcc000800 Threw 0x00000007aab274c8 at /HUDSON/workspace/7u-2-build-macosx-x86_64/jdk7u51/527/hotspot/src/share/vm/prims/jvm.cpp:1244
Event: 0.085 Thread 0x00007fbdcc000800 Threw 0x00000007aab39de8 at /HUDSON/workspace/7u-2-build-macosx-x86_64/jdk7u51/527/hotspot/src/share/vm/prims/jni.cpp:717
Event: 0.085 Thread 0x00007fbdcc000800 Threw 0x00000007aab39f08 at /HUDSON/workspace/7u-2-build-macosx-x86_64/jdk7u51/527/hotspot/src/share/vm/prims/jvm.cpp:1244
Event: 0.085 Thread 0x00007fbdcc000800 Threw 0x00000007aab3a030 at /HUDSON/workspace/7u-2-build-macosx-x86_64/jdk7u51/527/hotspot/src/share/vm/prims/jvm.cpp:1244
Event: 0.085 Thread 0x00007fbdcc000800 Threw 0x00000007aab3a280 at /HUDSON/workspace/7u-2-build-macosx-x86_64/jdk7u51/527/hotspot/src/share/vm/prims/jvm.cpp:1244

Events (10 events):
Event: 131.812 Executing VM operation: ChangeBreakpoints
Event: 131.812 Executing VM operation: ChangeBreakpoints done
Event: 131.814 Executing VM operation: ChangeBreakpoints
Event: 131.814 Executing VM operation: ChangeBreakpoints done
Event: 133.516 Executing VM operation: ChangeBreakpoints
Event: 133.516 Executing VM operation: ChangeBreakpoints done
Event: 133.519 Executing VM operation: ChangeBreakpoints
Event: 133.519 Executing VM operation: ChangeBreakpoints done
Event: 479.082 Executing VM operation: RedefineClasses
Event: 479.082 Executing VM operation: RedefineClasses done


Dynamic libraries:
0x00000000001e3000 	/System/Library/Frameworks/Cocoa.framework/Versions/A/Cocoa
0x00000000001e3000 	/System/Library/Frameworks/Security.framework/Versions/A/Security
0x00000000001e3000 	/System/Library/Frameworks/ApplicationServices.framework/Versions/A/ApplicationServices
0x00000000001e3000 	/usr/lib/libz.1.dylib
0x00000000001e3000 	/usr/lib/libSystem.B.dylib
0x00000000001e3000 	/usr/lib/libobjc.A.dylib
0x00000000001e3000 	/System/Library/Frameworks/CoreFoundation.framework/Versions/A/CoreFoundation
0x00000000001e3000 	/System/Library/Frameworks/Foundation.framework/Versions/C/Foundation
0x00000000001e3000 	/System/Library/Frameworks/AppKit.framework/Versions/C/AppKit
0x00000000001e3000 	/System/Library/Frameworks/CoreData.framework/Versions/A/CoreData
0x00000000001e3000 	/System/Library/PrivateFrameworks/RemoteViewServices.framework/Versions/A/RemoteViewServices
0x00000000001e3000 	/System/Library/Frameworks/AudioToolbox.framework/Versions/A/AudioToolbox
0x00000000001e3000 	/System/Library/Frameworks/AudioUnit.framework/Versions/A/AudioUnit
0x00000000001e3000 	/System/Library/PrivateFrameworks/DataDetectorsCore.framework/Versions/A/DataDetectorsCore
0x00000000001e3000 	/System/Library/PrivateFrameworks/DesktopServicesPriv.framework/Versions/A/DesktopServicesPriv
0x00000000001e3000 	/System/Library/Frameworks/Carbon.framework/Versions/A/Frameworks/HIToolbox.framework/Versions/A/HIToolbox
0x00000000001e3000 	/System/Library/Frameworks/QuartzCore.framework/Versions/A/QuartzCore
0x00000000001e3000 	/System/Library/Frameworks/Carbon.framework/Versions/A/Frameworks/SpeechRecognition.framework/Versions/A/SpeechRecognition
0x00000000001e3000 	/usr/lib/libauto.dylib
0x00000000001e3000 	/usr/lib/libicucore.A.dylib
0x00000000001e3000 	/usr/lib/libxml2.2.dylib
0x00000000001e3000 	/System/Library/PrivateFrameworks/CoreUI.framework/Versions/A/CoreUI
0x00000000001e3000 	/System/Library/Frameworks/CoreAudio.framework/Versions/A/CoreAudio
0x00000000001e3000 	/System/Library/Frameworks/DiskArbitration.framework/Versions/A/DiskArbitration
0x00000000001e3000 	/usr/lib/liblangid.dylib
0x00000000001e3000 	/System/Library/PrivateFrameworks/MultitouchSupport.framework/Versions/A/MultitouchSupport
0x00000000001e3000 	/System/Library/Frameworks/IOKit.framework/Versions/A/IOKit
0x00000000001e3000 	/usr/lib/libDiagnosticMessagesClient.dylib
0x00000000001e3000 	/System/Library/Frameworks/CoreServices.framework/Versions/A/CoreServices
0x00000000001e3000 	/System/Library/PrivateFrameworks/PerformanceAnalysis.framework/Versions/A/PerformanceAnalysis
0x00000000001e3000 	/System/Library/PrivateFrameworks/GenerationalStorage.framework/Versions/A/GenerationalStorage
0x00000000001e3000 	/System/Library/Frameworks/OpenGL.framework/Versions/A/OpenGL
0x00000000001e3000 	/System/Library/PrivateFrameworks/Sharing.framework/Versions/A/Sharing
0x00000000001e3000 	/System/Library/Frameworks/ImageIO.framework/Versions/A/ImageIO
0x00000000001e3000 	/System/Library/Frameworks/CoreText.framework/Versions/A/CoreText
0x00000000001e3000 	/System/Library/Frameworks/CoreGraphics.framework/Versions/A/CoreGraphics
0x00000000001e3000 	/System/Library/PrivateFrameworks/Backup.framework/Versions/A/Backup
0x00000000001e3000 	/System/Library/Frameworks/CFNetwork.framework/Versions/A/CFNetwork
0x00000000001e3000 	/System/Library/Frameworks/SystemConfiguration.framework/Versions/A/SystemConfiguration
0x00000000001e3000 	/usr/lib/libCRFSuite.dylib
0x00000000001e3000 	/usr/lib/libc++.1.dylib
0x00000000001e3000 	/usr/lib/libc++abi.dylib
0x00000000001e3000 	/usr/lib/system/libcache.dylib
0x00000000001e3000 	/usr/lib/system/libcommonCrypto.dylib
0x00000000001e3000 	/usr/lib/system/libcompiler_rt.dylib
0x00000000001e3000 	/usr/lib/system/libcopyfile.dylib
0x00000000001e3000 	/usr/lib/system/libcorecrypto.dylib
0x00000000001e3000 	/usr/lib/system/libdispatch.dylib
0x00000000001e3000 	/usr/lib/system/libdyld.dylib
0x00000000001e3000 	/usr/lib/system/libkeymgr.dylib
0x00000000001e3000 	/usr/lib/system/liblaunch.dylib
0x00000000001e3000 	/usr/lib/system/libmacho.dylib
0x00000000001e3000 	/usr/lib/system/libquarantine.dylib
0x00000000001e3000 	/usr/lib/system/libremovefile.dylib
0x00000000001e3000 	/usr/lib/system/libsystem_asl.dylib
0x00000000001e3000 	/usr/lib/system/libsystem_blocks.dylib
0x00000000001e3000 	/usr/lib/system/libsystem_c.dylib
0x00000000001e3000 	/usr/lib/system/libsystem_configuration.dylib
0x00000000001e3000 	/usr/lib/system/libsystem_dnssd.dylib
0x00000000001e3000 	/usr/lib/system/libsystem_info.dylib
0x00000000001e3000 	/usr/lib/system/libsystem_kernel.dylib
0x00000000001e3000 	/usr/lib/system/libsystem_m.dylib
0x00000000001e3000 	/usr/lib/system/libsystem_malloc.dylib
0x00000000001e3000 	/usr/lib/system/libsystem_network.dylib
0x00000000001e3000 	/usr/lib/system/libsystem_notify.dylib
0x00000000001e3000 	/usr/lib/system/libsystem_platform.dylib
0x00000000001e3000 	/usr/lib/system/libsystem_pthread.dylib
0x00000000001e3000 	/usr/lib/system/libsystem_sandbox.dylib
0x00000000001e3000 	/usr/lib/system/libsystem_stats.dylib
0x00000000001e3000 	/usr/lib/system/libunc.dylib
0x00000000001e3000 	/usr/lib/system/libunwind.dylib
0x00000000001e3000 	/usr/lib/system/libxpc.dylib
0x00000000001e3000 	/usr/lib/libbsm.0.dylib
0x00000000001e3000 	/usr/lib/libsqlite3.dylib
0x00000000001e3000 	/usr/lib/libxar.1.dylib
0x00000000001e3000 	/usr/lib/libpam.2.dylib
0x00000000001e3000 	/usr/lib/libOpenScriptingUtil.dylib
0x00000000001e3000 	/usr/lib/libbz2.1.0.dylib
0x00000000001e3000 	/System/Library/Frameworks/CoreServices.framework/Versions/A/Frameworks/CarbonCore.framework/Versions/A/CarbonCore
0x00000000001e3000 	/System/Library/Frameworks/CoreServices.framework/Versions/A/Frameworks/Metadata.framework/Versions/A/Metadata
0x00000000001e3000 	/System/Library/Frameworks/CoreServices.framework/Versions/A/Frameworks/OSServices.framework/Versions/A/OSServices
0x00000000001e3000 	/System/Library/Frameworks/CoreServices.framework/Versions/A/Frameworks/SearchKit.framework/Versions/A/SearchKit
0x00000000001e3000 	/System/Library/Frameworks/CoreServices.framework/Versions/A/Frameworks/AE.framework/Versions/A/AE
0x00000000001e3000 	/System/Library/Frameworks/CoreServices.framework/Versions/A/Frameworks/LaunchServices.framework/Versions/A/LaunchServices
0x00000000001e3000 	/System/Library/Frameworks/CoreServices.framework/Versions/A/Frameworks/DictionaryServices.framework/Versions/A/DictionaryServices
0x00000000001e3000 	/System/Library/Frameworks/NetFS.framework/Versions/A/NetFS
0x00000000001e3000 	/usr/lib/system/libkxld.dylib
0x00000000001e3000 	/System/Library/PrivateFrameworks/NetAuth.framework/Versions/A/NetAuth
0x00000000001e3000 	/System/Library/PrivateFrameworks/TCC.framework/Versions/A/TCC
0x00000000001e3000 	/System/Library/Frameworks/OpenDirectory.framework/Versions/A/Frameworks/CFOpenDirectory.framework/Versions/A/CFOpenDirectory
0x00000000001e3000 	/System/Library/Frameworks/ServiceManagement.framework/Versions/A/ServiceManagement
0x00000000001e3000 	/usr/lib/libxslt.1.dylib
0x00000000001e3000 	/System/Library/Frameworks/Carbon.framework/Versions/A/Frameworks/Ink.framework/Versions/A/Ink
0x00000000001e3000 	/System/Library/Frameworks/ApplicationServices.framework/Versions/A/Frameworks/ATS.framework/Versions/A/ATS
0x00000000001e3000 	/System/Library/Frameworks/ApplicationServices.framework/Versions/A/Frameworks/ColorSync.framework/Versions/A/ColorSync
0x00000000001e3000 	/System/Library/Frameworks/ApplicationServices.framework/Versions/A/Frameworks/HIServices.framework/Versions/A/HIServices
0x00000000001e3000 	/System/Library/Frameworks/ApplicationServices.framework/Versions/A/Frameworks/LangAnalysis.framework/Versions/A/LangAnalysis
0x00000000001e3000 	/System/Library/Frameworks/ApplicationServices.framework/Versions/A/Frameworks/PrintCore.framework/Versions/A/PrintCore
0x00000000001e3000 	/System/Library/Frameworks/ApplicationServices.framework/Versions/A/Frameworks/QD.framework/Versions/A/QD
0x00000000001e3000 	/System/Library/Frameworks/ApplicationServices.framework/Versions/A/Frameworks/SpeechSynthesis.framework/Versions/A/SpeechSynthesis
0x00000000001e3000 	/System/Library/Frameworks/IOSurface.framework/Versions/A/IOSurface
0x00000000001e3000 	/System/Library/Frameworks/Accelerate.framework/Versions/A/Accelerate
0x00000000001e3000 	/System/Library/Frameworks/Accelerate.framework/Versions/A/Frameworks/vImage.framework/Versions/A/vImage
0x00000000001e3000 	/System/Library/Frameworks/Accelerate.framework/Versions/A/Frameworks/vecLib.framework/Versions/A/vecLib
0x00000000001e3000 	/System/Library/Frameworks/Accelerate.framework/Versions/A/Frameworks/vecLib.framework/Versions/A/libvDSP.dylib
0x00000000001e3000 	/System/Library/Frameworks/Accelerate.framework/Versions/A/Frameworks/vecLib.framework/Versions/A/libvMisc.dylib
0x00000000001e3000 	/System/Library/Frameworks/Accelerate.framework/Versions/A/Frameworks/vecLib.framework/Versions/A/libLAPACK.dylib
0x00000000001e3000 	/System/Library/Frameworks/Accelerate.framework/Versions/A/Frameworks/vecLib.framework/Versions/A/libBLAS.dylib
0x00000000001e3000 	/System/Library/Frameworks/ApplicationServices.framework/Versions/A/Frameworks/ATS.framework/Versions/A/Resources/libFontParser.dylib
0x00000000001e3000 	/System/Library/Frameworks/ApplicationServices.framework/Versions/A/Frameworks/ATS.framework/Versions/A/Resources/libFontRegistry.dylib
0x00000000001e3000 	/System/Library/Frameworks/ImageIO.framework/Versions/A/Resources/libJPEG.dylib
0x00000000001e3000 	/System/Library/Frameworks/ImageIO.framework/Versions/A/Resources/libTIFF.dylib
0x00000000001e3000 	/System/Library/Frameworks/ImageIO.framework/Versions/A/Resources/libPng.dylib
0x00000000001e3000 	/System/Library/Frameworks/ImageIO.framework/Versions/A/Resources/libGIF.dylib
0x00000000001e3000 	/System/Library/Frameworks/ImageIO.framework/Versions/A/Resources/libJP2.dylib
0x00000000001e3000 	/System/Library/Frameworks/ImageIO.framework/Versions/A/Resources/libRadiance.dylib
0x00000000001e3000 	/usr/lib/libcups.2.dylib
0x00000000001e3000 	/System/Library/Frameworks/Kerberos.framework/Versions/A/Kerberos
0x00000000001e3000 	/System/Library/Frameworks/GSS.framework/Versions/A/GSS
0x00000000001e3000 	/usr/lib/libresolv.9.dylib
0x00000000001e3000 	/usr/lib/libiconv.2.dylib
0x00000000001e3000 	/System/Library/PrivateFrameworks/Heimdal.framework/Versions/A/Heimdal
0x00000000001e3000 	/System/Library/PrivateFrameworks/TrustEvaluationAgent.framework/Versions/A/TrustEvaluationAgent
0x00000000001e3000 	/usr/lib/libheimdal-asn1.dylib
0x00000000001e3000 	/System/Library/Frameworks/OpenDirectory.framework/Versions/A/OpenDirectory
0x00000000001e3000 	/System/Library/PrivateFrameworks/CommonAuth.framework/Versions/A/CommonAuth
0x00000000001e3000 	/System/Library/Frameworks/SecurityFoundation.framework/Versions/A/SecurityFoundation
0x00000000001e3000 	/System/Library/PrivateFrameworks/Bom.framework/Versions/A/Bom
0x00000000001e3000 	/System/Library/Frameworks/CoreVideo.framework/Versions/A/CoreVideo
0x00000000001e3000 	/System/Library/Frameworks/QuartzCore.framework/Versions/A/Frameworks/CoreImage.framework/Versions/A/CoreImage
0x00000000001e3000 	/System/Library/Frameworks/QuartzCore.framework/Versions/A/Frameworks/ScalableUserInterface.framework/Versions/A/ScalableUserInterface
0x00000000001e3000 	/System/Library/Frameworks/OpenGL.framework/Versions/A/Libraries/libGLU.dylib
0x00000000001e3000 	/System/Library/Frameworks/OpenGL.framework/Versions/A/Libraries/libGFXShared.dylib
0x00000000001e3000 	/System/Library/Frameworks/OpenGL.framework/Versions/A/Libraries/libGL.dylib
0x00000000001e3000 	/System/Library/Frameworks/OpenGL.framework/Versions/A/Libraries/libGLImage.dylib
0x00000000001e3000 	/System/Library/Frameworks/OpenGL.framework/Versions/A/Libraries/libCVMSPluginSupport.dylib
0x00000000001e3000 	/System/Library/Frameworks/OpenGL.framework/Versions/A/Libraries/libCoreVMClient.dylib
0x00000000001e3000 	/System/Library/PrivateFrameworks/FaceCore.framework/Versions/A/FaceCore
0x00000000001e3000 	/System/Library/PrivateFrameworks/CrashReporterSupport.framework/Versions/A/CrashReporterSupport
0x00000000001e3000 	/System/Library/Frameworks/OpenCL.framework/Versions/A/OpenCL
0x00000000001e3000 	/System/Library/PrivateFrameworks/AppleFSCompression.framework/Versions/A/AppleFSCompression
0x00000000001e3000 	/System/Library/PrivateFrameworks/Ubiquity.framework/Versions/A/Ubiquity
0x00000000001e3000 	/System/Library/PrivateFrameworks/IconServices.framework/Versions/A/IconServices
0x00000000001e3000 	/System/Library/PrivateFrameworks/ChunkingLibrary.framework/Versions/A/ChunkingLibrary
0x00000000001e3000 	/System/Library/PrivateFrameworks/CoreSymbolication.framework/Versions/A/CoreSymbolication
0x00000000001e3000 	/System/Library/PrivateFrameworks/Symbolication.framework/Versions/A/Symbolication
0x00000000001e3000 	/System/Library/PrivateFrameworks/DebugSymbols.framework/Versions/A/DebugSymbols
0x0000000103600000 	/Library/Java/JavaVirtualMachines/jdk1.7.0_51.jdk/Contents/Home/jre/lib/server/libjvm.dylib
0x00000000001e3000 	/usr/lib/libstdc++.6.dylib
0x0000000102507000 	/Library/Java/JavaVirtualMachines/jdk1.7.0_51.jdk/Contents/Home/jre/lib/libverify.dylib
0x0000000102514000 	/Library/Java/JavaVirtualMachines/jdk1.7.0_51.jdk/Contents/Home/jre/lib/libjava.dylib
0x0000000102545000 	/Library/Java/JavaVirtualMachines/jdk1.7.0_51.jdk/Contents/Home/jre/lib/libjdwp.dylib
0x0000000102582000 	/Library/Java/JavaVirtualMachines/jdk1.7.0_51.jdk/Contents/Home/jre/lib/libnpt.dylib
0x000000010258f000 	/Library/Java/JavaVirtualMachines/jdk1.7.0_51.jdk/Contents/Home/jre/lib/libzip.dylib
0x00000001134d0000 	/System/Library/Frameworks/JavaVM.framework/Frameworks/JavaRuntimeSupport.framework/JavaRuntimeSupport
0x00000001025ea000 	/System/Library/Frameworks/JavaVM.framework/Versions/A/Frameworks/JavaNativeFoundation.framework/Versions/A/JavaNativeFoundation
0x00000001134e8000 	/System/Library/Frameworks/JavaVM.framework/Versions/A/JavaVM
0x00000000001e3000 	/System/Library/Frameworks/Carbon.framework/Versions/A/Carbon
0x00000001134f5000 	/System/Library/PrivateFrameworks/JavaLaunching.framework/Versions/A/JavaLaunching
0x00000000001e3000 	/System/Library/Frameworks/Carbon.framework/Versions/A/Frameworks/CommonPanels.framework/Versions/A/CommonPanels
0x00000000001e3000 	/System/Library/Frameworks/Carbon.framework/Versions/A/Frameworks/Help.framework/Versions/A/Help
0x00000000001e3000 	/System/Library/Frameworks/Carbon.framework/Versions/A/Frameworks/ImageCapture.framework/Versions/A/ImageCapture
0x00000000001e3000 	/System/Library/Frameworks/Carbon.framework/Versions/A/Frameworks/OpenScripting.framework/Versions/A/OpenScripting
0x00000000001e3000 	/System/Library/Frameworks/Carbon.framework/Versions/A/Frameworks/Print.framework/Versions/A/Print
0x00000000001e3000 	/System/Library/Frameworks/Carbon.framework/Versions/A/Frameworks/SecurityHI.framework/Versions/A/SecurityHI
0x000000011370b000 	/Library/Java/JavaVirtualMachines/jdk1.7.0_51.jdk/Contents/Home/jre/lib/libdt_socket.dylib

VM Arguments:
jvm_args: -agentlib:jdwp=transport=dt_socket,address=127.0.0.1:49871,suspend=y,server=n -Dfile.encoding=UTF-8 
java_command: Main
Launcher Type: SUN_STANDARD

Environment Variables:
PATH=/usr/bin:/bin:/usr/sbin:/sbin:/usr/local/bin:/usr/texbin
SHELL=/bin/bash

Signal Handlers:
SIGSEGV: [libjvm.dylib+0x525425], sa_mask[0]=0xfffefeff, sa_flags=0x00000043
SIGBUS: [libjvm.dylib+0x525425], sa_mask[0]=0xfffefeff, sa_flags=0x00000042
SIGFPE: [libjvm.dylib+0x41892a], sa_mask[0]=0xfffefeff, sa_flags=0x00000042
SIGPIPE: [libjvm.dylib+0x41892a], sa_mask[0]=0xfffefeff, sa_flags=0x00000042
SIGXFSZ: [libjvm.dylib+0x41892a], sa_mask[0]=0xfffefeff, sa_flags=0x00000042
SIGILL: [libjvm.dylib+0x41892a], sa_mask[0]=0xfffefeff, sa_flags=0x00000042
SIGUSR1: SIG_DFL, sa_mask[0]=0x00000000, sa_flags=0x00000002
SIGUSR2: [libjvm.dylib+0x41841c], sa_mask[0]=0x00000004, sa_flags=0x00000042
SIGHUP: [libjvm.dylib+0x4166ab], sa_mask[0]=0xfffefeff, sa_flags=0x00000042
SIGINT: [libjvm.dylib+0x4166ab], sa_mask[0]=0xfffefeff, sa_flags=0x00000042
SIGTERM: [libjvm.dylib+0x4166ab], sa_mask[0]=0xfffefeff, sa_flags=0x00000042
SIGQUIT: [libjvm.dylib+0x4166ab], sa_mask[0]=0xfffefeff, sa_flags=0x00000042


---------------  S Y S T E M  ---------------

OS:Bsduname:Darwin 13.1.0 Darwin Kernel Version 13.1.0: Thu Jan 16 19:40:37 PST 2014; root:xnu-2422.90.20~2/RELEASE_X86_64 x86_64
rlimit: STACK 8192k, CORE 0k, NPROC 709, NOFILE 10240, AS infinity
load average:1.73 1.67 1.56

CPU:total 8 (4 cores per cpu, 2 threads per core) family 6 model 70 stepping 1, cmov, cx8, fxsr, mmx, sse, sse2, sse3, ssse3, sse4.1, sse4.2, popcnt, avx, avx2, aes, erms, ht, tsc, tscinvbit

Memory: 4k page, physical 16777216k(4194304k free)

/proc/meminfo:


vm_info: Java HotSpot(TM) 64-Bit Server VM (24.51-b03) for bsd-amd64 JRE (1.7.0_51-b13), built on Dec 18 2013 18:45:56 by "java_re" with gcc 4.2.1 (Based on Apple Inc. build 5658) (LLVM build 2336.11.00)

time: Tue Mar  4 23:44:51 2014
elapsed time: 479 seconds

